<?xml version="1.0" encoding="UTF-8"?>
<!-- Generated by org.testng.reporters.JUnitReportReporter -->
<testsuite hostname="BOOK-MKHEOP889O" failures="0" tests="1" name="tek.api.sqa.tests.TokenVerifyTest" time="3.901" errors="0" timestamp="2023-05-29T11:46:15 PDT" skipped="0">
  <testcase classname="tek.api.sqa.tests.TokenVerifyTest" name="verifyValidToken" time="3.901"/>
  <system-out/>
</testsuite> <!-- tek.api.sqa.tests.TokenVerifyTest -->
