<?xml version="1.0" encoding="UTF-8"?>
<!-- Generated by org.testng.reporters.JUnitReportReporter -->
<testsuite hostname="BOOK-MKHEOP889O" failures="0" tests="1" name="tek.api.sqa.tests.GetAllAccountTest" time="4.928" errors="0" timestamp="2023-05-25T12:57:21 PDT" skipped="0">
  <testcase classname="tek.api.sqa.tests.GetAllAccountTest" name="getAllAccountTest" time="4.928"/>
  <system-out/>
</testsuite> <!-- tek.api.sqa.tests.GetAllAccountTest -->
