<?xml version="1.0" encoding="UTF-8"?>
<!-- Generated by org.testng.reporters.JUnitReportReporter -->
<testsuite hostname="BOOK-MKHEOP889O" failures="0" tests="1" name="tek.api.sqa.tests.CreateAccountTest" time="2.841" errors="0" timestamp="2023-05-31T11:33:54 PDT" skipped="0">
  <testcase classname="tek.api.sqa.tests.CreateAccountTest" name="createAccountValidTest" time="2.841"/>
  <system-out/>
</testsuite> <!-- tek.api.sqa.tests.CreateAccountTest -->
