<?xml version="1.0" encoding="UTF-8"?>
<!-- Generated by org.testng.reporters.JUnitReportReporter -->
<testsuite hostname="BOOK-MKHEOP889O" failures="0" tests="1" name="tek.api.sqa.tests.TokenVerifyTest" time="0.969" errors="0" timestamp="2023-05-25T12:57:21 PDT" skipped="0">
  <testcase classname="tek.api.sqa.tests.TokenVerifyTest" name="verifyValidToken" time="0.969"/>
  <system-out/>
</testsuite> <!-- tek.api.sqa.tests.TokenVerifyTest -->
