<?xml version="1.0" encoding="UTF-8"?>
<!-- Generated by org.testng.reporters.JUnitReportReporter -->
<testsuite hostname="BOOK-MKHEOP889O" failures="0" tests="3" name="tek.api.sqa.tests.SecurityTest" time="1.531" errors="0" timestamp="2023-05-25T12:57:21 PDT" skipped="0">
  <testcase classname="tek.api.sqa.tests.SecurityTest" name="tokenWithInvalidDataTest" time="0.514"/>
  <system-out/>
  <testcase classname="tek.api.sqa.tests.SecurityTest" name="testGenerateTokenValidUser" time="0.591"/>
  <system-out/>
  <testcase classname="tek.api.sqa.tests.SecurityTest" name="tokenWithInvalidDataTest" time="0.426"/>
  <system-out/>
</testsuite> <!-- tek.api.sqa.tests.SecurityTest -->
